
  .   ____          _            __ _ _
 /\\ / ___'_ __ _ _(_)_ __  __ _ \ \ \ \
( ( )\___ | '_ | '_| | '_ \/ _` | \ \ \ \
 \\/  ___)| |_)| | | | | || (_| |  ) ) ) )
  '  |____| .__|_| |_|_| |_\__, | / / / /
 =========|_|==============|___/=/_/_/_/
 :: Spring Boot ::        (v1.5.7.RELEASE)

2017-11-16 10:23:10.825  INFO 5472 --- [           main] net.kingfore.Application                 : Starting Application on WIN-AG0OANVTLR5 with PID 5472 (C:\Users\Administrator\Desktop\TJJinTaiZhongQi\target\classes started by Administrator in C:\Users\Administrator\Desktop\TJJinTaiZhongQi)
2017-11-16 10:23:10.828  INFO 5472 --- [           main] net.kingfore.Application                 : No active profile set, falling back to default profiles: default
2017-11-16 10:23:10.885  INFO 5472 --- [           main] ationConfigEmbeddedWebApplicationContext : Refreshing org.springframework.boot.context.embedded.AnnotationConfigEmbeddedWebApplicationContext@166fa74d: startup date [Thu Nov 16 10:23:10 CST 2017]; root of context hierarchy
2017-11-16 10:23:11.958  INFO 5472 --- [           main] s.b.c.e.t.TomcatEmbeddedServletContainer : Tomcat initialized with port(s): 8102 (http)
2017-11-16 10:23:11.969  INFO 5472 --- [           main] o.apache.catalina.core.StandardService   : Starting service [Tomcat]
2017-11-16 10:23:11.970  INFO 5472 --- [           main] org.apache.catalina.core.StandardEngine  : Starting Servlet Engine: Apache Tomcat/8.5.20
2017-11-16 10:23:12.178  INFO 5472 --- [ost-startStop-1] org.apache.jasper.servlet.TldScanner     : At least one JAR was scanned for TLDs yet contained no TLDs. Enable debug logging for this logger for a complete list of JARs that were scanned but no TLDs were found in them. Skipping unneeded JARs during scanning can improve startup time and JSP compilation time.
2017-11-16 10:23:12.184  INFO 5472 --- [ost-startStop-1] o.a.c.c.C.[Tomcat].[localhost].[/]       : Initializing Spring embedded WebApplicationContext
2017-11-16 10:23:12.184  INFO 5472 --- [ost-startStop-1] o.s.web.context.ContextLoader            : Root WebApplicationContext: initialization completed in 1302 ms
2017-11-16 10:23:12.308  INFO 5472 --- [ost-startStop-1] o.s.b.w.servlet.ServletRegistrationBean  : Mapping servlet: 'dispatcherServlet' to [/]
2017-11-16 10:23:12.311  INFO 5472 --- [ost-startStop-1] o.s.b.w.servlet.FilterRegistrationBean   : Mapping filter: 'characterEncodingFilter' to: [/*]
2017-11-16 10:23:12.311  INFO 5472 --- [ost-startStop-1] o.s.b.w.servlet.FilterRegistrationBean   : Mapping filter: 'hiddenHttpMethodFilter' to: [/*]
2017-11-16 10:23:12.311  INFO 5472 --- [ost-startStop-1] o.s.b.w.servlet.FilterRegistrationBean   : Mapping filter: 'httpPutFormContentFilter' to: [/*]
2017-11-16 10:23:12.311  INFO 5472 --- [ost-startStop-1] o.s.b.w.servlet.FilterRegistrationBean   : Mapping filter: 'requestContextFilter' to: [/*]
2017-11-16 10:23:12.600  INFO 5472 --- [           main] s.w.s.m.m.a.RequestMappingHandlerAdapter : Looking for @ControllerAdvice: org.springframework.boot.context.embedded.AnnotationConfigEmbeddedWebApplicationContext@166fa74d: startup date [Thu Nov 16 10:23:10 CST 2017]; root of context hierarchy
2017-11-16 10:23:12.658  INFO 5472 --- [           main] s.w.s.m.m.a.RequestMappingHandlerMapping : Mapped "{[/]}" onto public java.lang.String net.kingfore.web.IndexController.index()
2017-11-16 10:23:12.658  INFO 5472 --- [           main] s.w.s.m.m.a.RequestMappingHandlerMapping : Mapped "{[/uploadData]}" onto public java.lang.Object net.kingfore.web.IndexController.uploadData()
2017-11-16 10:23:12.660  INFO 5472 --- [           main] s.w.s.m.m.a.RequestMappingHandlerMapping : Mapped "{[/error]}" onto public org.springframework.http.ResponseEntity<java.util.Map<java.lang.String, java.lang.Object>> org.springframework.boot.autoconfigure.web.BasicErrorController.error(javax.servlet.http.HttpServletRequest)
2017-11-16 10:23:12.660  INFO 5472 --- [           main] s.w.s.m.m.a.RequestMappingHandlerMapping : Mapped "{[/error],produces=[text/html]}" onto public org.springframework.web.servlet.ModelAndView org.springframework.boot.autoconfigure.web.BasicErrorController.errorHtml(javax.servlet.http.HttpServletRequest,javax.servlet.http.HttpServletResponse)
2017-11-16 10:23:12.697  INFO 5472 --- [           main] o.s.w.s.handler.SimpleUrlHandlerMapping  : Mapped URL path [/webjars/**] onto handler of type [class org.springframework.web.servlet.resource.ResourceHttpRequestHandler]
2017-11-16 10:23:12.697  INFO 5472 --- [           main] o.s.w.s.handler.SimpleUrlHandlerMapping  : Mapped URL path [/**] onto handler of type [class org.springframework.web.servlet.resource.ResourceHttpRequestHandler]
2017-11-16 10:23:12.729  INFO 5472 --- [           main] o.s.w.s.handler.SimpleUrlHandlerMapping  : Mapped URL path [/**/favicon.ico] onto handler of type [class org.springframework.web.servlet.resource.ResourceHttpRequestHandler]
2017-11-16 10:23:12.877  INFO 5472 --- [           main] o.s.j.e.a.AnnotationMBeanExporter        : Registering beans for JMX exposure on startup
2017-11-16 10:23:12.891  INFO 5472 --- [           main] s.a.ScheduledAnnotationBeanPostProcessor : No TaskScheduler/ScheduledExecutorService bean found for scheduled processing
2017-11-16 10:23:12.958  INFO 5472 --- [           main] s.b.c.e.t.TomcatEmbeddedServletContainer : Tomcat started on port(s): 8102 (http)
2017-11-16 10:23:12.962  INFO 5472 --- [           main] net.kingfore.Application                 : Started Application in 2.391 seconds (JVM running for 2.765)
控制成被调用.................Thu Nov 16 11:00:00 CST 2017
全部站点编号：[0022001030019, 0022001030018, 0022001030017, 0022001030016, 0022001030038, 0022001030015, 0022001030037, 0022001030036, 0022001030035, 0022001030034, 0022001030033, 0022001030032, 0022001030031, 0022001030030, 0022001030009, 0022001030008, 0022001030007, 0022001030029, 0022001030006, 0022001030028, 0022001030005, 0022001030027, 0022001030004, 0022001030026, 0022001030003, 0022001030025, 0022001030002, 0022001030024, 0022001030001, 0022001030023, 0022001030022, 0022001030021, 0022001030020]
3e 2a 27 1e 03 00 00 00 48 00 0b 9f 00 05 fe 00 04 fd 00 05 7d 00 07 7b 00 08 79 00 09 79 00 03 f6 00 05 d4 00 05 53 00 08 4f 00 09 4f 00 09 cd 00 08 cd 00 0a cb 00 03 4b 00 05 29 00 07 a6 00 08 25 00 09 25 00 08 a3 00 09 a3 00 03 61 00 0b 20
2017-11-16 11:00:00.994  INFO 5472 --- [pool-1-thread-1] net.kingfore.utils.Utils                 : 定时写库:共接收[1]条有效数据。
3e 2a 27 1e 01 00 00 03 de 00 03 ff 00 05 fe 00 05 fd 00 03 fc 00 05 fc 00 03 fb 00 05 fb 00 03 fa 00 05 fa 00 03 f9 00 05 f9 00 03 f8 00 05 f8 00 03 f7 00 05 f7 00 03 f6 00 05 f6 00 03 f5 00 05 f5 00 03 f4 00 05 f4 00 05 f3 00 05 f2 00 05 f1 00 05 f0 00 05 ef 00 05 ee 00 03 ed 00 05 ed 00 03 ec 00 05 ec 00 03 eb 00 05 eb 00 03 ea 00 03 e7 00 03 e6 00 03 e5 00 03 e4 00 03 e3 00 03 e2 00 03 e1 00 03 e0 00 03 df 00 03 dd 00 03 dc 00 03 db 00 03 da 00 05 c8 00 05 c1 00 01 c1 00 05 c0 00 05 bf 00 05 be 00 01 bd 00 01 bc 00 05 bb 00 05 ba 00 01 ba 00 05 b9 00 01 b9 00 05 b8 00 01 b8 00 05 b7 00 01 b7 00 05 b6 00 01 b6 00 05 b5 00 01 b5 00 05 b4 00 01 b4 00 05 b3 00 01 b3 00 05 b2 00 05 b1 00 05 b0 00 05 ae 00 05 92 00 05 8e 00 05 8d 00 05 8b 00 05 8a 00 05 89 00 05 88 00 05 87 00 05 86 00 05 85 00 05 84 00 01 72 00 01 6e 00 01 6d 00 01 6b 00 01 6a 00 01 69 00 01 68 00 01 67 00 01 66 00 01 65 00 01 64 00 01 63 00 01 5f 00 01 5e 00 01 5c 00 01 5b 00 01 5a 00 01 59 00 01 58 00 01 57 00 01 56 00 01 55 00 03 3d 00 03 39 00 03 38 00 03 36 00 03 35 00 03 34 00 03 33 00 03 32 00 03 31 00 03 30 00 03 2f 00 03 2e 00 03 2a 00 03 29 00 03 27 00 03 26 00 03 25 00 03 24 00 03 23 00 03 22 00 03 21 00 03 20 00 05 0a 00 05 06 00 05 05 00 05 01 00 05 00 00 04 ff 00 04 fe 00 04 fd 00 04 fc 00 04 fb 00 04 fa 00 04 f9 00 04 f5 00 04 f4 00 04 f2 00 04 f1 00 04 f0 00 04 ef 00 04 ee 00 04 ed 00 04 ec 00 04 eb 00 04 ea 00 04 e7 00 04 e6 00 04 e5 00 02 e4 00 04 e3 00 04 e2 00 04 e1 00 04 e0 00 04 df 00 04 de 00 02 dd 00 04 dd 00 02 dc 00 04 dc 00 02 db 00 04 db 00 02 d7 00 04 d7 00 02 d6 00 04 d6 00 02 d5 00 02 d4 00 04 d4 00 02 d3 00 04 d3 00 02 d2 00 04 d2 00 02 d1 00 04 d1 00 02 d0 00 04 d0 00 02 cf 00 04 cf 00 02 ce 00 04 ce 00 02 cd 00 04 cd 00 02 cc 00 04 cc 00 02 cb 00 02 ca 00 02 c9 00 04 c8 00 04 c7 00 02 c5 00 04 c5 00 02 c4 00 04 c4 00 04 c3 00 02 c2 00 04 c2 00 02 c1 00 04 c1 00 02 c0 00 04 c0 00 02 bf 00 04 bf 00 02 be 00 04 be 00 02 bd 00 02 bc 00 02 bb 00 02 ba 00 02 b6 00 02 b5 00 02 b3 00 02 b2 00 02 b1 00 02 b0 00 02 af 00 02 ae 00 02 ad 00 02 ac 00 02 ab 00 02 a1 00 02 a0 00 02 9f 00 02 9e 00 02 9a 00 02 99 00 02 98 00 04 98 00 02 97 00 02 96 00 02 95 00 02 94 00 02 93 00 02 92 00 02 91 00 02 90 00 02 8f 00 02 8e 00 04 8e 00 02 8d 00 04 8d 00 02 8c 00 04 8c 00 02 8b 00 04 8b 00 02 8a 00 04 8a 00 02 89 00 02 88 00 02 87 00 04 87 00 04 86 00 04 85 00 04 84 00 04 83 00 04 82 00 04 81 00 04 80 00 04 7f 00 04 7e 00 04 7d 00 04 7c 00 04 7b 00 04 7a 00 04 79 00 04 78 00 04 77 00 04 76 00 04 75 00 04 74 00 04 73 00 04 67 00 04 66 00 04 64 00 04 63 00 04 62 00 04 61 00 04 60 00 04 5f 00 04 5e 00 04 5d 00 04 5c 00 04 58 00 04 57 00 04 55 00 04 54 00 04 53 00 04 52 00 04 51 00 04 50 00 04 4f 00 04 4e 00 04 4d 00 04 49 00 04 48 00 04 46 00 04 45 00 04 44 00 04 43 00 04 42 00 04 41 00 04 40 00 04 3f 00 04 3e 00 04 3a 00 04 39 00 04 37 00 04 36 00 04 35 00 04 34 00 04 33 00 04 32 00 04 31 00 04 30 00 06 0f 00 04 05 00 06 05 00 06 04 00 06 03 00 06 02 00 04 01 00 06 01
2017-11-16 11:00:02.015  INFO 5472 --- [pool-1-thread-1] net.kingfore.utils.Utils                 : 定时写库:共接收[2]条有效数据。
2017-11-16 11:00:02.515  INFO 5472 --- [pool-1-thread-1] net.kingfore.utils.Utils                 : 定时写库:共接收[2]条有效数据。
所有杰控数据：[{jkNoAndValue={2975=7.93487E-7, 1534=9.54606E-8, 1277=2.18861E-8, 1405=1.61526E-9, 1915=1.43773E-8, 2169=2.85218E-9, 2425=0.0, 1014=2.78233E-8, 1492=3.59432E-9, 1363=7.17118E-8, 2127=1.03377E-7, 2383=0.0, 2509=2.38651E-8, 2253=4.95929E-8, 2763=1.50874E-7, 843=2.98023E-8, 1321=1.19209E-7, 1958=2.98023E-8, 2085=3.34694E-9, 2341=0.0, 2211=1.16415E-10, 2467=1.50874E-7, 865=0.0, 2848=4.16767E-8}, jkType=AR}, {jkNoAndValue={1023=39.0, 1534=5.0, 1533=36.2, 1020=0.0, 1532=35.9, 1019=33.9, 1531=36.6, 1018=0.456375, 1530=0.285437, 1017=37.0, 1529=0.8855, 1016=0.6061, 1528=0.520381, 1015=36.3, 1527=40.7, 1014=0.208813, 1526=43.0, 1013=59.4, 1525=42.5, 1012=0.201125, 1524=0.559475, 1523=0.936631, 1522=0.57175, 1521=37.6, 1520=0.275994, 1519=0.275994, 1518=0.275994, 1005=1586.0, 1517=58.9, 1004=32.0, 1516=0.265625, 1003=61.82, 1515=0.265625, 1002=40.0, 999=0.0, 998=35.5, 997=34.9, 996=0.722375, 995=1.021981, 994=37.7, 993=38.2, 992=0.871244, 991=1.205744, 989=0.425744, 988=0.425744, 987=59.2, 986=0.186813, 1480=0.226625, 1473=2948.9, 449=0.297, 1472=0.0, 1471=143.5, 1470=0.0, 445=8124.8, 444=328.8, 1467=38.0, 1466=42.6, 442=25.0, 1465=30.6, 441=37.3, 1464=0.333944, 440=0.324988, 1463=0.367938, 439=38.9, 1462=46.2, 438=0.567181, 1461=39.2, 437=37.2, 1460=0.568675, 436=0.236619, 1459=0.437813, 435=58.5, 1458=39.5, 1457=0.322387, 1456=0.322387, 1454=0.217125, 1426=0.257494, 1422=0.0, 1421=0.0, 1419=8.0, 1418=36.6, 1417=0.233744, 1416=40.7, 1415=0.333125, 1414=38.0, 1413=0.296813, 1412=58.9, 370=0.263813, 366=1604.52, 365=60.65, 363=8.0, 362=35.9, 361=0.298562, 360=41.4, 359=0.4607, 358=38.1, 357=0.264494, 356=61.0, 355=0.2623, 351=510.0, 350=16.0, 348=4.0, 347=36.4, 346=0.295494, 345=39.0, 344=0.3883, 343=35.0, 342=0.312944, 341=62.3, 829=0.237881, 825=160.8, 824=54.98, 822=5.0, 821=35.3, 820=0.267938, 819=40.2, 818=0.380062, 817=36.8, 816=0.27125, 815=61.1, 814=0.265063, 810=2.0, 809=16.58, 807=3.0, 806=35.9, 805=0.385875, 804=36.7, 803=0.453938, 802=35.1, 801=0.256938, 800=58.7, 1290=0.233425, 1286=16518.0, 1285=57.54, 1281=0.0, 1280=37.0, 1279=0.316812, 1278=38.7, 1277=0.377406, 1276=37.2, 1275=0.213344, 1274=62.4, 1273=0.233425, 1269=3942.6, 1268=196.1, 1266=19.0, 1265=36.7, 1264=0.603994, 1263=40.7, 1262=0.479012, 1261=36.0, 1260=0.234456, 1259=58.2, 1258=0.228587, 1255=0.0, 1254=0.0, 1253=0.0, 740=0.1885, 1251=7.1, 1250=38.63281, 1249=1.055938, 1248=44.72656, 1247=1.309813, 1246=39.04688, 733=1356.0, 1245=0.279125, 732=9.0, 1244=57.89063, 731=52.06, 1243=0.295375, 727=11.0, 1239=0.0, 726=35.4, 1238=0.0, 725=33.1, 724=0.2602, 1236=0.0, 723=0.372562, 1235=36.75781, 722=39.7, 1234=0.740188, 721=35.8, 1233=40.90625, 720=0.389931, 1232=0.981, 719=0.548256, 1231=0.0, 718=36.3, 1230=0.0, 717=0.28355, 1229=0.0, 716=0.28355, 1228=0.0, 715=58.7, 714=0.268063, 713=0.268063, 1224=0.0, 1223=0.0, 709=1019.0, 1221=0.0, 708=35.35, 1220=32.17188, 1219=0.428375, 706=4.0, 1218=36.58594, 705=35.6, 1217=0.656187, 704=0.375937, 1216=0.0, 703=39.9, 1215=0.0, 702=0.447437, 1214=0.0, 701=37.3, 700=0.23425, 699=59.1, 698=0.239937, 694=3905.5, 693=14.82, 691=2.0, 690=37.0, 689=0.226513, 688=40.5, 687=0.317937, 686=37.5, 685=0.264125, 684=59.1, 683=0.267087, 673=15688.6, 672=0.0, 671=0.0, 670=71.42, 666=14.0, 665=35.4, 664=36.5, 1176=0.255188, 663=36.8, 662=0.365, 661=0.931694, 660=1.055256, 659=40.5, 658=40.3, 657=38.6, 656=0.496812, 655=0.879006, 654=1.206819, 1166=0.0, 653=40.9, 1165=9.0, 652=0.369381, 1164=12.0, 651=0.369381, 1163=0.0, 650=0.369381, 1162=0.0, 649=59.7, 648=0.261575, 647=0.261687, 1159=24.0, 1158=36.5, 1157=34.2, 1156=34.7, 1155=0.831563, 1154=0.6145, 1153=0.474869, 1152=40.2, 1151=38.1, 1150=39.5, 1149=0.924756, 1148=0.768506, 1147=0.545313, 1146=35.8, 1145=0.420063, 1144=0.420063, 1143=0.420063, 1142=59.0, 1141=0.198375, 1140=0.198375, 1139=0.198375, 1127=12.91, 1126=12.67, 1124=3.0, 1123=30.7, 1122=0.4415, 1121=33.0, 1120=0.538181, 1119=28.9, 1118=0.331187, 1117=58.7, 1116=0.290188, 1112=0.0, 1111=0.0, 1109=2.0, 1108=33.7, 1107=0.608, 1106=36.4, 1105=0.774188, 1104=38.6, 1103=0.305494, 1102=58.7, 1101=0.05025, 1097=18.9, 1096=8.05, 1094=1.0, 1093=36.1, 1092=0.278694, 1091=40.3, 1090=0.422913, 1089=36.0, 1088=0.299944, 1087=59.1, 1086=0.294688, 1082=0.0, 1081=0.0, 1079=2.0, 1078=32.7, 1077=1.027875, 1076=36.6, 1075=0.0185, 1074=39.0, 1073=0.0751937, 1072=59.1, 1551=0.233425, 1029=0.0, 1541=231.0, 1540=1.0, 1539=9.0, 1538=9.0, 1025=722.0, 1537=0.0}, jkType=AI}]
接口地址：http://hbgrbhnm.zoomkey.com.cn:30057/spi/running/tranheating/
上传的json数据：{"root":[{"data":[{"oneNetInTemp":0.3,"oneNetInFlow":2948.9,"oneNetOutPressure":39.5,"outDoorTemp":0.2,"readTime":"2017-11-16 11:00:00","oneNetInPressure":0.0,"oneNetOutTemp":0.4,"twoNetSecondPump1":143.5,"twoNetOutTemp":3.0,"twoNetSecondPump1Status":0,"twoNetInTemp":0.3,"twoNetInPressure":39.2,"twoNetOutPressure":30.6}],"stationNo":"0022001030019"}]}
响应据：{"rtnCode":"上传成功","rtnMsg":"0000"}
接口地址：http://hbgrbhnm.zoomkey.com.cn:30057/spi/running/tranheating/
上传的json数据：{"root":[{"data":[{"oneNetInTemp":0.3,"oneNetInFlow":0.0,"oneNetOutPressure":0.322,"outDoorTemp":0.2,"readTime":"2017-11-16 11:00:00","oneNetInPressure":0.217,"oneNetOutTemp":0.4,"twoNetSecondPump1":0.0,"twoNetOutTemp":42.6,"twoNetSecondPump1Status":0,"twoNetInTemp":46.2,"twoNetInPressure":0.568,"twoNetOutPressure":0.333}],"stationNo":"0022001030018"}]}
响应据：{"rtnCode":"上传成功","rtnMsg":"0000"}
接口地址：http://hbgrbhnm.zoomkey.com.cn:30057/spi/running/tranheating/
上传的json数据：{"root":[{"data":[{"oneNetInTemp":0.2,"oneNetInFlow":101.0,"oneNetOutPressure":37.299,"outDoorTemp":0.2,"readTime":"2017-11-16 11:00:00","oneNetInPressure":59.1,"oneNetOutTemp":0.4,"twoNetSecondPump1":35.35,"twoNetOutTemp":4.0,"twoNetSecondPump1Status":0,"twoNetInTemp":0.3,"twoNetInPressure":39.899,"twoNetOutPressure":35.6}],"stationNo":"0022001030017"}]}
响应据：{"rtnCode":"上传成功","rtnMsg":"0000"}
接口地址：http://hbgrbhnm.zoomkey.com.cn:30057/spi/running/tranheating/
上传的json数据：{"root":[{"data":[{"oneNetInTemp":0.2,"oneNetInFlow":3942.599,"oneNetOutPressure":36.0,"outDoorTemp":0.2,"readTime":"2017-11-16 11:00:00","oneNetInPressure":58.2,"oneNetOutTemp":0.4,"twoNetSecondPump1":196.099,"twoNetOutTemp":1.0,"twoNetSecondPump1Status":0,"twoNetInTemp":0.6,"twoNetInPressure":40.7,"twoNetOutPressure":36.7}],"stationNo":"0022001030016"}]}
响应据：{"rtnCode":"上传成功","rtnMsg":"0000"}
接口地址：http://hbgrbhnm.zoomkey.com.cn:30057/spi/running/tranheating/
上传的json数据：{"root":[{"data":[{"oneNetInTemp":0.2,"oneNetInFlow":722.0,"oneNetOutPressure":36.299,"outDoorTemp":0.0,"readTime":"2017-11-16 11:00:00","oneNetInPressure":59.399,"oneNetOutTemp":0.6,"twoNetSecondPump1":39.0,"twoNetOutTemp":0.0,"twoNetSecondPump1Status":0,"twoNetInTemp":0.4,"twoNetInPressure":37.0,"twoNetOutPressure":33.899}],"stationNo":"0022001030038"}]}
响应据：{"rtnCode":"上传成功","rtnMsg":"0000"}
接口地址：http://hbgrbhnm.zoomkey.com.cn:30057/spi/running/tranheating/
上传的json数据：{"root":[{"data":[{"oneNetInTemp":0.2,"oneNetInFlow":8124.8,"oneNetOutPressure":37.2,"outDoorTemp":0.2,"readTime":"2017-11-16 11:00:00","oneNetInPressure":58.5,"oneNetOutTemp":0.5,"twoNetSecondPump1":328.8,"twoNetOutTemp":2.0,"twoNetSecondPump1Status":0,"twoNetInTemp":0.3,"twoNetInPressure":38.899,"twoNetOutPressure":37.299}],"stationNo":"0022001030015"}]}
响应据：{"rtnCode":"上传成功","rtnMsg":"0000"}
接口地址：http://hbgrbhnm.zoomkey.com.cn:30057/spi/running/tranheating/
上传的json数据：{"root":[{"data":[{"oneNetInTemp":0.4,"oneNetInFlow":158.0,"oneNetOutPressure":0.425,"outDoorTemp":0.2,"readTime":"2017-11-16 11:00:00","oneNetInPressure":59.2,"oneNetOutTemp":1.2,"twoNetSecondPump1":61.82,"twoNetOutTemp":0.0,"twoNetSecondPump1Status":0,"twoNetInTemp":1.0,"twoNetInPressure":38.2,"twoNetOutPressure":34.899}],"stationNo":"0022001030037"}]}
响应据：{"rtnCode":"上传成功","rtnMsg":"0000"}
接口地址：http://hbgrbhnm.zoomkey.com.cn:30057/spi/running/tranheating/
上传的json数据：{"root":[{"data":[{"oneNetInTemp":0.4,"oneNetInFlow":32.0,"oneNetOutPressure":0.425,"outDoorTemp":0.2,"readTime":"2017-11-16 11:00:00","oneNetInPressure":0.186,"oneNetOutTemp":1.2,"twoNetSecondPump1":40.0,"twoNetOutTemp":35.5,"twoNetSecondPump1Status":0,"twoNetInTemp":37.7,"twoNetInPressure":0.871,"twoNetOutPressure":0.722}],"stationNo":"0022001030036"}]}
响应据：{"rtnCode":"上传成功","rtnMsg":"0000"}
接口地址：http://hbgrbhnm.zoomkey.com.cn:30057/spi/running/tranheating/
上传的json数据：{"root":[{"data":[{"oneNetInTemp":0.3,"oneNetInFlow":510.0,"oneNetOutPressure":35.0,"outDoorTemp":0.2,"readTime":"2017-11-16 11:00:00","oneNetInPressure":62.299,"oneNetOutTemp":0.3,"twoNetSecondPump1":16.0,"twoNetOutTemp":4.0,"twoNetSecondPump1Status":0,"twoNetInTemp":0.2,"twoNetInPressure":39.0,"twoNetOutPressure":36.399}],"stationNo":"0022001030035"}]}
响应据：{"rtnCode":"上传成功","rtnMsg":"0000"}
接口地址：http://hbgrbhnm.zoomkey.com.cn:30057/spi/running/tranheating/
上传的json数据：{"root":[{"data":[{"oneNetInTemp":0.2,"oneNetInFlow":165.0,"oneNetOutPressure":37.2,"outDoorTemp":0.2,"readTime":"2017-11-16 11:00:00","oneNetInPressure":62.399,"oneNetOutTemp":0.3,"twoNetSecondPump1":57.539,"twoNetOutTemp":0.0,"twoNetSecondPump1Status":0,"twoNetInTemp":0.3,"twoNetInPressure":38.7,"twoNetOutPressure":37.0}],"stationNo":"0022001030034"}]}
响应据：{"rtnCode":"上传成功","rtnMsg":"0000"}
接口地址：http://hbgrbhnm.zoomkey.com.cn:30057/spi/running/tranheating/
上传的json数据：{"root":[{"data":[{"oneNetInTemp":0.2,"oneNetInFlow":18.899,"oneNetOutPressure":36.0,"outDoorTemp":0.0,"readTime":"2017-11-16 11:00:00","oneNetInPressure":59.1,"oneNetOutTemp":0.4,"twoNetSecondPump1":8.05,"twoNetOutTemp":1.0,"twoNetSecondPump1Status":0,"twoNetInTemp":0.2,"twoNetInPressure":40.299,"twoNetOutPressure":36.1}],"stationNo":"0022001030033"}]}
响应据：{"rtnCode":"上传成功","rtnMsg":"0000"}
接口地址：http://hbgrbhnm.zoomkey.com.cn:30057/spi/running/tranheating/
上传的json数据：{"root":[{"data":[{"oneNetInTemp":0.3,"oneNetInFlow":12.91,"oneNetOutPressure":28.899,"outDoorTemp":0.1,"readTime":"2017-11-16 11:00:00","oneNetInPressure":58.7,"oneNetOutTemp":0.5,"twoNetSecondPump1":12.669,"twoNetOutTemp":3.0,"twoNetSecondPump1Status":0,"twoNetInTemp":0.4,"twoNetInPressure":33.0,"twoNetOutPressure":30.699}],"stationNo":"0022001030032"}]}
响应据：{"rtnCode":"上传成功","rtnMsg":"0000"}
接口地址：http://hbgrbhnm.zoomkey.com.cn:30057/spi/running/tranheating/
上传的json数据：{"root":[{"data":[{"oneNetInTemp":0.3,"oneNetInFlow":0.0,"oneNetOutPressure":38.6,"outDoorTemp":0.2,"readTime":"2017-11-16 11:00:00","oneNetInPressure":58.7,"oneNetOutTemp":0.7,"twoNetSecondPump1":0.0,"twoNetOutTemp":2.0,"twoNetSecondPump1Status":0,"twoNetInTemp":0.6,"twoNetInPressure":36.399,"twoNetOutPressure":33.7}],"stationNo":"0022001030031"}]}
响应据：{"rtnCode":"上传成功","rtnMsg":"0000"}
接口地址：http://hbgrbhnm.zoomkey.com.cn:30057/spi/running/tranheating/
上传的json数据：{"root":[{"data":[{"oneNetInTemp":0.0,"oneNetInFlow":0.0,"oneNetOutPressure":39.0,"outDoorTemp":0.2,"readTime":"2017-11-16 11:00:00","oneNetInPressure":59.1,"oneNetOutTemp":0.0,"twoNetSecondPump1":0.0,"twoNetOutTemp":2.0,"twoNetSecondPump1Status":0,"twoNetInTemp":1.0,"twoNetInPressure":36.6,"twoNetOutPressure":32.7}],"stationNo":"0022001030030"}]}
响应据：{"rtnCode":"上传成功","rtnMsg":"0000"}
接口地址：http://hbgrbhnm.zoomkey.com.cn:30057/spi/running/tranheating/
上传的json数据：{"root":[{"data":[{"oneNetInTemp":0.2,"oneNetInFlow":9.0,"oneNetOutPressure":0.283,"outDoorTemp":0.1,"readTime":"2017-11-16 11:00:00","oneNetInPressure":0.268,"oneNetOutTemp":0.5,"twoNetSecondPump1":9.0,"twoNetOutTemp":35.3,"twoNetSecondPump1Status":0,"twoNetInTemp":39.7,"twoNetInPressure":0.389,"twoNetOutPressure":0.26}],"stationNo":"0022001030009"}]}
响应据：{"rtnCode":"上传成功","rtnMsg":"0000"}
接口地址：http://hbgrbhnm.zoomkey.com.cn:30057/spi/running/tranheating/
上传的json数据：{"root":[{"data":[{"oneNetInTemp":0.2,"oneNetInFlow":135.0,"oneNetOutPressure":36.299,"outDoorTemp":0.1,"readTime":"2017-11-16 11:00:00","oneNetInPressure":58.7,"oneNetOutTemp":0.5,"twoNetSecondPump1":52.06,"twoNetOutTemp":1.0,"twoNetSecondPump1Status":0,"twoNetInTemp":0.3,"twoNetInPressure":35.799,"twoNetOutPressure":33.1}],"stationNo":"0022001030008"}]}
响应据：{"rtnCode":"上传成功","rtnMsg":"0000"}
接口地址：http://hbgrbhnm.zoomkey.com.cn:30057/spi/running/tranheating/
上传的json数据：{"root":[{"data":[{"oneNetInTemp":0.2,"oneNetInFlow":2.0,"oneNetOutPressure":35.1,"outDoorTemp":0.2,"readTime":"2017-11-16 11:00:00","oneNetInPressure":58.7,"oneNetOutTemp":0.4,"twoNetSecondPump1":16.579,"twoNetOutTemp":3.0,"twoNetSecondPump1Status":0,"twoNetInTemp":0.3,"twoNetInPressure":36.7,"twoNetOutPressure":35.899}],"stationNo":"0022001030007"}]}
响应据：{"rtnCode":"上传成功","rtnMsg":"0000"}
接口地址：http://hbgrbhnm.zoomkey.com.cn:30057/spi/running/tranheating/
上传的json数据：{"root":[{"data":[{"oneNetInTemp":0.2,"oneNetInFlow":3905.5,"oneNetOutPressure":37.5,"outDoorTemp":0.2,"readTime":"2017-11-16 11:00:00","oneNetInPressure":59.1,"oneNetOutTemp":0.3,"twoNetSecondPump1":14.82,"twoNetOutTemp":2.0,"twoNetSecondPump1Status":0,"twoNetInTemp":0.2,"twoNetInPressure":40.5,"twoNetOutPressure":37.0}],"stationNo":"0022001030029"}]}
响应据：{"rtnCode":"上传成功","rtnMsg":"0000"}
接口地址：http://hbgrbhnm.zoomkey.com.cn:30057/spi/running/tranheating/
上传的json数据：{"root":[{"data":[{"oneNetInTemp":0.0,"oneNetInFlow":0.0,"oneNetOutPressure":0.0,"outDoorTemp":0.0,"readTime":"2017-11-16 11:00:00","oneNetInPressure":0.0,"oneNetOutTemp":0.6,"twoNetSecondPump1":0.0,"twoNetOutTemp":0.0,"twoNetSecondPump1Status":0,"twoNetInTemp":0.4,"twoNetInPressure":36.585,"twoNetOutPressure":32.171}],"stationNo":"0022001030006"}]}
响应据：{"rtnCode":"上传成功","rtnMsg":"0000"}
接口地址：http://hbgrbhnm.zoomkey.com.cn:30057/spi/running/tranheating/
上传的json数据：{"root":[{"data":[{"oneNetInTemp":0.3,"oneNetInFlow":15688.6,"twoNetOutTemp":1.0,"oneNetOutPressure":40.899,"twoNetSecondPump1Status":0,"outDoorTemp":0.2,"readTime":"2017-11-16 11:00:00","twoNetInTemp":1.0,"oneNetInPressure":59.7,"twoNetInPressure":38.6,"oneNetOutTemp":1.2,"twoNetOutPressure":36.799}],"stationNo":"0022001030028"}]}
响应据：{"rtnCode":"上传成功","rtnMsg":"0000"}
接口地址：http://hbgrbhnm.zoomkey.com.cn:30057/spi/running/tranheating/
上传的json数据：{"root":[{"data":[{"oneNetInTemp":0.0,"oneNetInFlow":0.0,"oneNetOutPressure":0.0,"outDoorTemp":0.2,"readTime":"2017-11-16 11:00:00","oneNetInPressure":0.0,"oneNetOutTemp":0.9,"twoNetSecondPump1":0.0,"twoNetOutTemp":0.0,"twoNetSecondPump1Status":0,"twoNetInTemp":0.7,"twoNetInPressure":40.906,"twoNetOutPressure":36.757}],"stationNo":"0022001030005"}]}
响应据：{"rtnCode":"上传成功","rtnMsg":"0000"}
接口地址：http://hbgrbhnm.zoomkey.com.cn:30057/spi/running/tranheating/
上传的json数据：{"root":[{"data":[{"oneNetInTemp":0.3,"oneNetInFlow":0.0,"oneNetOutPressure":0.369,"outDoorTemp":0.2,"readTime":"2017-11-16 11:00:00","oneNetInPressure":0.261,"oneNetOutTemp":1.2,"twoNetSecondPump1":71.42,"twoNetOutTemp":35.3,"twoNetSecondPump1Status":0,"twoNetInTemp":40.5,"twoNetInPressure":0.496,"twoNetOutPressure":0.364}],"stationNo":"0022001030027"}]}
响应据：{"rtnCode":"上传成功","rtnMsg":"0000"}
接口地址：http://hbgrbhnm.zoomkey.com.cn:30057/spi/running/tranheating/
上传的json数据：{"root":[{"data":[{"oneNetInTemp":0.2,"oneNetInFlow":0.0,"oneNetOutPressure":39.046,"outDoorTemp":0.2,"readTime":"2017-11-16 11:00:00","oneNetInPressure":57.89,"oneNetOutTemp":1.3,"twoNetSecondPump1":0.0,"twoNetOutTemp":7.0,"twoNetSecondPump1Status":0,"twoNetInTemp":1.0,"twoNetInPressure":44.726,"twoNetOutPressure":38.632}],"stationNo":"0022001030004"}]}
响应据：{"rtnCode":"上传成功","rtnMsg":"0000"}
接口地址：http://hbgrbhnm.zoomkey.com.cn:30057/spi/running/tranheating/
上传的json数据：{"root":[{"data":[{"oneNetInTemp":0.3,"oneNetInFlow":0.0,"oneNetOutPressure":0.369,"outDoorTemp":0.2,"readTime":"2017-11-16 11:00:00","oneNetInPressure":0.261,"oneNetOutTemp":1.2,"twoNetSecondPump1":71.42,"twoNetOutTemp":36.5,"twoNetSecondPump1Status":0,"twoNetInTemp":40.2,"twoNetInPressure":0.879,"twoNetOutPressure":0.931}],"stationNo":"0022001030026"}]}
响应据：{"rtnCode":"上传成功","rtnMsg":"0000"}
接口地址：http://hbgrbhnm.zoomkey.com.cn:30057/spi/running/tranheating/
上传的json数据：{"root":[{"data":[{"oneNetInTemp":0.2,"oneNetInFlow":160.8,"oneNetOutPressure":36.799,"outDoorTemp":0.2,"readTime":"2017-11-16 11:00:00","oneNetInPressure":61.1,"oneNetOutTemp":0.3,"twoNetSecondPump1":54.979,"twoNetOutTemp":5.0,"twoNetSecondPump1Status":0,"twoNetInTemp":0.2,"twoNetInPressure":40.2,"twoNetOutPressure":35.299}],"stationNo":"0022001030003"}]}
响应据：{"rtnCode":"上传成功","rtnMsg":"0000"}
接口地址：http://hbgrbhnm.zoomkey.com.cn:30057/spi/running/tranheating/
上传的json数据：{"root":[{"data":[{"oneNetInTemp":0.4,"oneNetInFlow":12.0,"oneNetOutPressure":0.42,"outDoorTemp":0.2,"readTime":"2017-11-16 11:00:00","oneNetInPressure":0.198,"oneNetOutTemp":0.5,"twoNetSecondPump1":0.0,"twoNetOutTemp":34.2,"twoNetSecondPump1Status":0,"twoNetInTemp":38.1,"twoNetInPressure":0.768,"twoNetOutPressure":0.614}],"stationNo":"0022001030025"}]}
响应据：{"rtnCode":"上传成功","rtnMsg":"0000"}
接口地址：http://hbgrbhnm.zoomkey.com.cn:30057/spi/running/tranheating/
上传的json数据：{"root":[{"data":[{"oneNetInTemp":0.2,"oneNetInFlow":1604.519,"oneNetOutPressure":38.1,"outDoorTemp":0.2,"readTime":"2017-11-16 11:00:00","oneNetInPressure":61.0,"oneNetOutTemp":0.4,"twoNetSecondPump1":60.649,"twoNetOutTemp":8.0,"twoNetSecondPump1Status":0,"twoNetInTemp":0.2,"twoNetInPressure":41.399,"twoNetOutPressure":35.899}],"stationNo":"0022001030002"}]}
响应据：{"rtnCode":"上传成功","rtnMsg":"0000"}
接口地址：http://hbgrbhnm.zoomkey.com.cn:30057/spi/running/tranheating/
上传的json数据：{"root":[{"data":[{"oneNetInTemp":0.4,"oneNetInFlow":9.0,"oneNetOutPressure":0.42,"outDoorTemp":0.2,"readTime":"2017-11-16 11:00:00","oneNetInPressure":0.198,"oneNetOutTemp":0.5,"twoNetSecondPump1":0.0,"twoNetOutTemp":36.5,"twoNetSecondPump1Status":0,"twoNetInTemp":40.2,"twoNetInPressure":0.924,"twoNetOutPressure":0.831}],"stationNo":"0022001030024"}]}
响应据：{"rtnCode":"上传成功","rtnMsg":"0000"}
接口地址：http://hbgrbhnm.zoomkey.com.cn:30057/spi/running/tranheating/
上传的json数据：{"root":[{"data":[{"oneNetInTemp":0.2,"oneNetInFlow":0.0,"oneNetOutPressure":38.0,"outDoorTemp":0.2,"readTime":"2017-11-16 11:00:00","oneNetInPressure":58.899,"oneNetOutTemp":0.3,"twoNetSecondPump1":0.0,"twoNetOutTemp":8.0,"twoNetSecondPump1Status":0,"twoNetInTemp":0.2,"twoNetInPressure":40.7,"twoNetOutPressure":36.6}],"stationNo":"0022001030001"}]}
响应据：{"rtnCode":"上传成功","rtnMsg":"0000"}
接口地址：http://hbgrbhnm.zoomkey.com.cn:30057/spi/running/tranheating/
上传的json数据：{"root":[{"data":[{"oneNetInTemp":0.4,"oneNetInFlow":0.0,"twoNetOutTemp":2.0,"oneNetOutPressure":35.799,"twoNetSecondPump1Status":0,"outDoorTemp":0.2,"readTime":"2017-11-16 11:00:00","twoNetInTemp":0.4,"oneNetInPressure":59.0,"twoNetInPressure":39.5,"oneNetOutTemp":0.5,"twoNetOutPressure":34.7}],"stationNo":"0022001030023"}]}
响应据：{"rtnCode":"上传成功","rtnMsg":"0000"}
接口地址：http://hbgrbhnm.zoomkey.com.cn:30057/spi/running/tranheating/
上传的json数据：{"root":[{"data":[{"oneNetInTemp":0.2,"oneNetInFlow":9.0,"oneNetOutPressure":0.275,"outDoorTemp":0.2,"readTime":"2017-11-16 11:00:00","oneNetInPressure":0.265,"oneNetOutTemp":0.5,"twoNetSecondPump1":0.0,"twoNetOutTemp":35.8,"twoNetSecondPump1Status":0,"twoNetInTemp":4.0,"twoNetInPressure":0.936,"twoNetOutPressure":0.885}],"stationNo":"0022001030022"}]}
响应据：{"rtnCode":"上传成功","rtnMsg":"0000"}
接口地址：http://hbgrbhnm.zoomkey.com.cn:30057/spi/running/tranheating/
上传的json数据：{"root":[{"data":[{"oneNetInTemp":0.2,"oneNetInFlow":231.0,"twoNetOutTemp":5.0,"oneNetOutPressure":37.6,"twoNetSecondPump1Status":0,"outDoorTemp":0.2,"readTime":"2017-11-16 11:00:00","twoNetInTemp":0.5,"oneNetInPressure":58.899,"twoNetInPressure":42.5,"oneNetOutTemp":0.5,"twoNetOutPressure":36.6}],"stationNo":"0022001030021"}]}
响应据：{"rtnCode":"上传成功","rtnMsg":"0000"}
接口地址：http://hbgrbhnm.zoomkey.com.cn:30057/spi/running/tranheating/
上传的json数据：{"root":[{"data":[{"oneNetInTemp":0.2,"oneNetInFlow":1.0,"oneNetOutPressure":0.275,"outDoorTemp":0.2,"readTime":"2017-11-16 11:00:00","oneNetInPressure":0.265,"oneNetOutTemp":0.5,"twoNetSecondPump1":9.0,"twoNetOutTemp":36.2,"twoNetSecondPump1Status":0,"twoNetInTemp":40.7,"twoNetInPressure":0.559,"twoNetOutPressure":0.285}],"stationNo":"0022001030020"}]}
响应据：{"rtnCode":"上传成功","rtnMsg":"0000"}
2017-11-16 11:01:40.707  WARN 5472 --- [ntLoopGroup-2-1] com.KF.Netty.KFChannelHandlerAdapter     : 意外的从下游远程主机强迫关闭了一个现有的连接。
